[2021-03-06 09:03:43] [IMessager.java] [1] [INFO]  TEST [Default test - testModelSpecs] STARTED at [21:03:43 2021-03-06]
[2021-03-06 09:03:43] [AbstractCapabilities.java] [1] [INFO] Set Chrome language to: en_US
[2021-03-06 09:03:45] [IMessager.java] [1] [INFO] INFO: url 'https://www.gsmarena.com' is being opened...
[2021-03-06 09:03:47] [DriverListener.java] [1] [INFO] INFO: url 'https://www.gsmarena.com' is opened.
[2021-03-06 09:04:10] [HomePage.java] [1] [INFO] selecting 'Samsung' brand...
[2021-03-06 09:04:11] [HomePage.java] [1] [INFO] currentBrand: PHONE FINDER
[2021-03-06 09:04:11] [HomePage.java] [1] [INFO] currentBrand: SAMSUNG
[2021-03-06 09:04:13] [DriverListener.java] [1] [INFO] PASS: element 'SAMSUNG' is clicked.
[2021-03-06 09:04:27] [IMessager.java] [1] [ERROR]  TEST [Default test - testModelSpecs] FAILED at [21:04:27 2021-03-06] - Unable to open model: Galaxy S10+

com.qaprosoft.carina.demo.gui.pages.BrandModelsPage.selectModel(BrandModelsPage.java:40)
com.qaprosoft.carina.demo.WebSampleTest.testModelSpecs(WebSampleTest.java:62)
java.base/jdk.internal.reflect.NativeMethodAccessorImpl.invoke0(Native Method)
java.base/jdk.internal.reflect.NativeMethodAccessorImpl.invoke(NativeMethodAccessorImpl.java:64)
java.base/jdk.internal.reflect.DelegatingMethodAccessorImpl.invoke(DelegatingMethodAccessorImpl.java:43)
java.base/java.lang.reflect.Method.invoke(Method.java:564)
org.testng.internal.MethodInvocationHelper.invokeMethod(MethodInvocationHelper.java:132)
org.testng.internal.TestInvoker.invokeMethod(TestInvoker.java:599)
org.testng.internal.TestInvoker.invokeTestMethod(TestInvoker.java:174)
org.testng.internal.MethodRunner.runInSequence(MethodRunner.java:46)
org.testng.internal.TestInvoker$MethodInvocationAgent.invoke(TestInvoker.java:822)
org.testng.internal.TestInvoker.invokeTestMethods(TestInvoker.java:147)
org.testng.internal.TestMethodWorker.invokeTestMethods(TestMethodWorker.java:146)
org.testng.internal.TestMethodWorker.run(TestMethodWorker.java:128)
java.base/java.util.ArrayList.forEach(ArrayList.java:1511)
org.testng.TestRunner.privateRun(TestRunner.java:764)
org.testng.TestRunner.run(TestRunner.java:585)
org.testng.SuiteRunner.runTest(SuiteRunner.java:384)
org.testng.SuiteRunner.runSequentially(SuiteRunner.java:378)
org.testng.SuiteRunner.privateRun(SuiteRunner.java:337)
org.testng.SuiteRunner.run(SuiteRunner.java:286)
org.testng.SuiteRunnerWorker.runSuite(SuiteRunnerWorker.java:53)
org.testng.SuiteRunnerWorker.run(SuiteRunnerWorker.java:96)
org.testng.TestNG.runSuitesSequentially(TestNG.java:1218)
org.testng.TestNG.runSuitesLocally(TestNG.java:1140)
org.testng.TestNG.runSuites(TestNG.java:1069)
org.testng.TestNG.run(TestNG.java:1037)
org.testng.remote.AbstractRemoteTestNG.run(AbstractRemoteTestNG.java:115)
org.testng.remote.RemoteTestNG.initAndRun(RemoteTestNG.java:251)
org.testng.remote.RemoteTestNG.main(RemoteTestNG.java:77)
